INFO [2025-12-21 21:05:43] $x
INFO [2025-12-21 21:05:43] venn_list_intragenic
INFO [2025-12-21 21:05:43] 
INFO [2025-12-21 21:05:43] $category.names
INFO [2025-12-21 21:05:43] c("set2", "This work")
INFO [2025-12-21 21:05:43] 
INFO [2025-12-21 21:05:43] $filename
INFO [2025-12-21 21:05:43] paste(results_dir, "PMC9239280_vs_my_data_UM_ATGCAT_venn_intra_fig_S4.1D.png", 
INFO [2025-12-21 21:05:43]     sep = "/")
INFO [2025-12-21 21:05:43] 
INFO [2025-12-21 21:05:43] $output
INFO [2025-12-21 21:05:43] [1] TRUE
INFO [2025-12-21 21:05:43] 
INFO [2025-12-21 21:05:43] $imagetype
INFO [2025-12-21 21:05:43] [1] "png"
INFO [2025-12-21 21:05:43] 
INFO [2025-12-21 21:05:43] $height
INFO [2025-12-21 21:05:43] [1] 78
INFO [2025-12-21 21:05:43] 
INFO [2025-12-21 21:05:43] $width
INFO [2025-12-21 21:05:43] [1] 89
INFO [2025-12-21 21:05:43] 
INFO [2025-12-21 21:05:43] $units
INFO [2025-12-21 21:05:43] c("mm")
INFO [2025-12-21 21:05:43] 
INFO [2025-12-21 21:05:43] $resolution
INFO [2025-12-21 21:05:43] [1] 600
INFO [2025-12-21 21:05:43] 
INFO [2025-12-21 21:05:43] $compression
INFO [2025-12-21 21:05:43] [1] "lzw"
INFO [2025-12-21 21:05:43] 
INFO [2025-12-21 21:05:43] $lwd
INFO [2025-12-21 21:05:43] [1] 1
INFO [2025-12-21 21:05:43] 
INFO [2025-12-21 21:05:43] $col
INFO [2025-12-21 21:05:43] c("#7F7F7FFF", "#FF9896FF")
INFO [2025-12-21 21:05:43] 
INFO [2025-12-21 21:05:43] $fill
INFO [2025-12-21 21:05:43] c(alpha("#7F7F7FFF", 0.5), alpha("#FF9896FF", 0.5))
INFO [2025-12-21 21:05:43] 
INFO [2025-12-21 21:05:43] $cex
INFO [2025-12-21 21:05:43] [1] 0.6
INFO [2025-12-21 21:05:43] 
INFO [2025-12-21 21:05:43] $fontfamily
INFO [2025-12-21 21:05:43] [1] "Arial"
INFO [2025-12-21 21:05:43] 
INFO [2025-12-21 21:05:43] $cat.cex
INFO [2025-12-21 21:05:43] [1] 0.7
INFO [2025-12-21 21:05:43] 
INFO [2025-12-21 21:05:43] $cat.default.pos
INFO [2025-12-21 21:05:43] [1] "outer"
INFO [2025-12-21 21:05:43] 
INFO [2025-12-21 21:05:43] $cat.pos
INFO [2025-12-21 21:05:43] c(-27, 135)
INFO [2025-12-21 21:05:43] 
INFO [2025-12-21 21:05:43] $cat.fontfamily
INFO [2025-12-21 21:05:43] [1] "Arial"
INFO [2025-12-21 21:05:43] 
