INFO [2025-12-21 21:05:42] $x
INFO [2025-12-21 21:05:42] venn_list_inter
INFO [2025-12-21 21:05:42] 
INFO [2025-12-21 21:05:42] $category.names
INFO [2025-12-21 21:05:42] c("set2", "This work")
INFO [2025-12-21 21:05:42] 
INFO [2025-12-21 21:05:42] $filename
INFO [2025-12-21 21:05:42] paste(results_dir, "PMC9239280_vs_my_data_UM_ATGCAT_venn_inter_figS4.1C.png", 
INFO [2025-12-21 21:05:42]     sep = "/")
INFO [2025-12-21 21:05:42] 
INFO [2025-12-21 21:05:42] $output
INFO [2025-12-21 21:05:42] [1] TRUE
INFO [2025-12-21 21:05:42] 
INFO [2025-12-21 21:05:42] $imagetype
INFO [2025-12-21 21:05:42] [1] "png"
INFO [2025-12-21 21:05:42] 
INFO [2025-12-21 21:05:42] $height
INFO [2025-12-21 21:05:42] [1] 78
INFO [2025-12-21 21:05:42] 
INFO [2025-12-21 21:05:42] $width
INFO [2025-12-21 21:05:42] [1] 89
INFO [2025-12-21 21:05:42] 
INFO [2025-12-21 21:05:42] $units
INFO [2025-12-21 21:05:42] c("mm")
INFO [2025-12-21 21:05:42] 
INFO [2025-12-21 21:05:42] $resolution
INFO [2025-12-21 21:05:42] [1] 600
INFO [2025-12-21 21:05:42] 
INFO [2025-12-21 21:05:42] $compression
INFO [2025-12-21 21:05:42] [1] "lzw"
INFO [2025-12-21 21:05:42] 
INFO [2025-12-21 21:05:42] $lwd
INFO [2025-12-21 21:05:42] [1] 1
INFO [2025-12-21 21:05:42] 
INFO [2025-12-21 21:05:42] $col
INFO [2025-12-21 21:05:42] c("#7F7F7FFF", "#FF9896FF")
INFO [2025-12-21 21:05:42] 
INFO [2025-12-21 21:05:42] $fill
INFO [2025-12-21 21:05:42] c(alpha("#7F7F7FFF", 0.5), alpha("#FF9896FF", 0.5))
INFO [2025-12-21 21:05:42] 
INFO [2025-12-21 21:05:42] $cex
INFO [2025-12-21 21:05:42] [1] 0.6
INFO [2025-12-21 21:05:42] 
INFO [2025-12-21 21:05:42] $fontfamily
INFO [2025-12-21 21:05:42] [1] "Arial"
INFO [2025-12-21 21:05:42] 
INFO [2025-12-21 21:05:42] $cat.cex
INFO [2025-12-21 21:05:42] [1] 0.7
INFO [2025-12-21 21:05:42] 
INFO [2025-12-21 21:05:42] $cat.default.pos
INFO [2025-12-21 21:05:42] [1] "outer"
INFO [2025-12-21 21:05:42] 
INFO [2025-12-21 21:05:42] $cat.pos
INFO [2025-12-21 21:05:42] c(-27, 135)
INFO [2025-12-21 21:05:42] 
INFO [2025-12-21 21:05:42] $cat.fontfamily
INFO [2025-12-21 21:05:42] [1] "Arial"
INFO [2025-12-21 21:05:42] 
