INFO [2025-12-16 17:46:56] $x
INFO [2025-12-16 17:46:56] venn_list
INFO [2025-12-16 17:46:56] 
INFO [2025-12-16 17:46:56] $category.names
INFO [2025-12-16 17:46:56] c("set1", "set2", "This work")
INFO [2025-12-16 17:46:56] 
INFO [2025-12-16 17:46:56] $filename
INFO [2025-12-16 17:46:56] paste(results_dir, "GATC_venn_3_figure_8C.tiff", sep = "/")
INFO [2025-12-16 17:46:56] 
INFO [2025-12-16 17:46:56] $output
INFO [2025-12-16 17:46:56] [1] TRUE
INFO [2025-12-16 17:46:56] 
INFO [2025-12-16 17:46:56] $imagetype
INFO [2025-12-16 17:46:56] [1] "tiff"
INFO [2025-12-16 17:46:56] 
INFO [2025-12-16 17:46:56] $height
INFO [2025-12-16 17:46:56] [1] 78
INFO [2025-12-16 17:46:56] 
INFO [2025-12-16 17:46:56] $width
INFO [2025-12-16 17:46:56] [1] 89
INFO [2025-12-16 17:46:56] 
INFO [2025-12-16 17:46:56] $units
INFO [2025-12-16 17:46:56] c("mm")
INFO [2025-12-16 17:46:56] 
INFO [2025-12-16 17:46:56] $resolution
INFO [2025-12-16 17:46:56] [1] 300
INFO [2025-12-16 17:46:56] 
INFO [2025-12-16 17:46:56] $compression
INFO [2025-12-16 17:46:56] [1] "lzw"
INFO [2025-12-16 17:46:56] 
INFO [2025-12-16 17:46:56] $lwd
INFO [2025-12-16 17:46:56] [1] 1
INFO [2025-12-16 17:46:56] 
INFO [2025-12-16 17:46:56] $col
INFO [2025-12-16 17:46:56] c("#2CA02CFF", "#7F7F7FFF", "#FF9896FF")
INFO [2025-12-16 17:46:56] 
INFO [2025-12-16 17:46:56] $fill
INFO [2025-12-16 17:46:56] c(alpha("#2CA02CFF", 0.5), alpha("#7F7F7FFF", 0.5), alpha("#FF9896FF", 
INFO [2025-12-16 17:46:56]     0.5))
INFO [2025-12-16 17:46:56] 
INFO [2025-12-16 17:46:56] $cex
INFO [2025-12-16 17:46:56] [1] 1
INFO [2025-12-16 17:46:56] 
INFO [2025-12-16 17:46:56] $fontfamily
INFO [2025-12-16 17:46:56] [1] "Arial"
INFO [2025-12-16 17:46:56] 
INFO [2025-12-16 17:46:56] $cat.cex
INFO [2025-12-16 17:46:56] [1] 1
INFO [2025-12-16 17:46:56] 
INFO [2025-12-16 17:46:56] $cat.default.pos
INFO [2025-12-16 17:46:56] [1] "outer"
INFO [2025-12-16 17:46:56] 
INFO [2025-12-16 17:46:56] $cat.pos
INFO [2025-12-16 17:46:56] c(-27, 27, 135)
INFO [2025-12-16 17:46:56] 
INFO [2025-12-16 17:46:56] $cat.dist
INFO [2025-12-16 17:46:56] c(0.055, 0.055, 0.085)
INFO [2025-12-16 17:46:56] 
INFO [2025-12-16 17:46:56] $cat.fontfamily
INFO [2025-12-16 17:46:56] [1] "Arial"
INFO [2025-12-16 17:46:56] 
INFO [2025-12-16 17:46:56] $rotation
INFO [2025-12-16 17:46:56] [1] 1
INFO [2025-12-16 17:46:56] 
