INFO [2025-12-16 17:12:13] $x
INFO [2025-12-16 17:12:13] venn_list
INFO [2025-12-16 17:12:13] 
INFO [2025-12-16 17:12:13] $category.names
INFO [2025-12-16 17:12:13] c("set1", "set2", "This work")
INFO [2025-12-16 17:12:13] 
INFO [2025-12-16 17:12:13] $filename
INFO [2025-12-16 17:12:13] paste(results_dir, "GATC_venn_3_figure_8C.tiff", sep = "/")
INFO [2025-12-16 17:12:13] 
INFO [2025-12-16 17:12:13] $output
INFO [2025-12-16 17:12:13] [1] TRUE
INFO [2025-12-16 17:12:13] 
INFO [2025-12-16 17:12:13] $imagetype
INFO [2025-12-16 17:12:13] [1] "tiff"
INFO [2025-12-16 17:12:13] 
INFO [2025-12-16 17:12:13] $height
INFO [2025-12-16 17:12:13] [1] 78
INFO [2025-12-16 17:12:13] 
INFO [2025-12-16 17:12:13] $width
INFO [2025-12-16 17:12:13] [1] 89
INFO [2025-12-16 17:12:13] 
INFO [2025-12-16 17:12:13] $units
INFO [2025-12-16 17:12:13] c("mm")
INFO [2025-12-16 17:12:13] 
INFO [2025-12-16 17:12:13] $resolution
INFO [2025-12-16 17:12:13] [1] 300
INFO [2025-12-16 17:12:13] 
INFO [2025-12-16 17:12:13] $compression
INFO [2025-12-16 17:12:13] [1] "lzw"
INFO [2025-12-16 17:12:13] 
INFO [2025-12-16 17:12:13] $lwd
INFO [2025-12-16 17:12:13] [1] 1
INFO [2025-12-16 17:12:13] 
INFO [2025-12-16 17:12:13] $col
INFO [2025-12-16 17:12:13] c("#2CA02CFF", "#7F7F7FFF", "#FF9896FF")
INFO [2025-12-16 17:12:13] 
INFO [2025-12-16 17:12:13] $fill
INFO [2025-12-16 17:12:13] c(alpha("#2CA02CFF", 0.5), alpha("#7F7F7FFF", 0.5), alpha("#FF9896FF", 
INFO [2025-12-16 17:12:13]     0.5))
INFO [2025-12-16 17:12:13] 
INFO [2025-12-16 17:12:13] $cex
INFO [2025-12-16 17:12:13] [1] 1
INFO [2025-12-16 17:12:13] 
INFO [2025-12-16 17:12:13] $fontfamily
INFO [2025-12-16 17:12:13] [1] "Arial"
INFO [2025-12-16 17:12:13] 
INFO [2025-12-16 17:12:13] $cat.cex
INFO [2025-12-16 17:12:13] [1] 1
INFO [2025-12-16 17:12:13] 
INFO [2025-12-16 17:12:13] $cat.default.pos
INFO [2025-12-16 17:12:13] [1] "outer"
INFO [2025-12-16 17:12:13] 
INFO [2025-12-16 17:12:13] $cat.pos
INFO [2025-12-16 17:12:13] c(-27, 27, 135)
INFO [2025-12-16 17:12:13] 
INFO [2025-12-16 17:12:13] $cat.dist
INFO [2025-12-16 17:12:13] c(0.055, 0.055, 0.085)
INFO [2025-12-16 17:12:13] 
INFO [2025-12-16 17:12:13] $cat.fontfamily
INFO [2025-12-16 17:12:13] [1] "Arial"
INFO [2025-12-16 17:12:13] 
INFO [2025-12-16 17:12:13] $rotation
INFO [2025-12-16 17:12:13] [1] 1
INFO [2025-12-16 17:12:13] 
