INFO [2025-12-16 17:38:11] $x
INFO [2025-12-16 17:38:11] venn_list
INFO [2025-12-16 17:38:11] 
INFO [2025-12-16 17:38:11] $category.names
INFO [2025-12-16 17:38:11] c("set1", "set2", "This work")
INFO [2025-12-16 17:38:11] 
INFO [2025-12-16 17:38:11] $filename
INFO [2025-12-16 17:38:11] paste(results_dir, "GATC_venn_3_figure_8C.tiff", sep = "/")
INFO [2025-12-16 17:38:11] 
INFO [2025-12-16 17:38:11] $output
INFO [2025-12-16 17:38:11] [1] TRUE
INFO [2025-12-16 17:38:11] 
INFO [2025-12-16 17:38:11] $imagetype
INFO [2025-12-16 17:38:11] [1] "tiff"
INFO [2025-12-16 17:38:11] 
INFO [2025-12-16 17:38:11] $height
INFO [2025-12-16 17:38:11] [1] 78
INFO [2025-12-16 17:38:11] 
INFO [2025-12-16 17:38:11] $width
INFO [2025-12-16 17:38:11] [1] 89
INFO [2025-12-16 17:38:11] 
INFO [2025-12-16 17:38:11] $units
INFO [2025-12-16 17:38:11] c("mm")
INFO [2025-12-16 17:38:11] 
INFO [2025-12-16 17:38:11] $resolution
INFO [2025-12-16 17:38:11] [1] 300
INFO [2025-12-16 17:38:11] 
INFO [2025-12-16 17:38:11] $compression
INFO [2025-12-16 17:38:11] [1] "lzw"
INFO [2025-12-16 17:38:11] 
INFO [2025-12-16 17:38:11] $lwd
INFO [2025-12-16 17:38:11] [1] 1
INFO [2025-12-16 17:38:11] 
INFO [2025-12-16 17:38:11] $col
INFO [2025-12-16 17:38:11] c("#2CA02CFF", "#7F7F7FFF", "#FF9896FF")
INFO [2025-12-16 17:38:11] 
INFO [2025-12-16 17:38:11] $fill
INFO [2025-12-16 17:38:11] c(alpha("#2CA02CFF", 0.5), alpha("#7F7F7FFF", 0.5), alpha("#FF9896FF", 
INFO [2025-12-16 17:38:11]     0.5))
INFO [2025-12-16 17:38:11] 
INFO [2025-12-16 17:38:11] $cex
INFO [2025-12-16 17:38:11] [1] 1
INFO [2025-12-16 17:38:11] 
INFO [2025-12-16 17:38:11] $fontfamily
INFO [2025-12-16 17:38:11] [1] "Arial"
INFO [2025-12-16 17:38:11] 
INFO [2025-12-16 17:38:11] $cat.cex
INFO [2025-12-16 17:38:11] [1] 1
INFO [2025-12-16 17:38:11] 
INFO [2025-12-16 17:38:11] $cat.default.pos
INFO [2025-12-16 17:38:11] [1] "outer"
INFO [2025-12-16 17:38:11] 
INFO [2025-12-16 17:38:11] $cat.pos
INFO [2025-12-16 17:38:11] c(-27, 27, 135)
INFO [2025-12-16 17:38:11] 
INFO [2025-12-16 17:38:11] $cat.dist
INFO [2025-12-16 17:38:11] c(0.055, 0.055, 0.085)
INFO [2025-12-16 17:38:11] 
INFO [2025-12-16 17:38:11] $cat.fontfamily
INFO [2025-12-16 17:38:11] [1] "Arial"
INFO [2025-12-16 17:38:11] 
INFO [2025-12-16 17:38:11] $rotation
INFO [2025-12-16 17:38:11] [1] 1
INFO [2025-12-16 17:38:11] 
