INFO [2025-12-16 17:13:15] $x
INFO [2025-12-16 17:13:15] venn_list
INFO [2025-12-16 17:13:15] 
INFO [2025-12-16 17:13:15] $category.names
INFO [2025-12-16 17:13:15] c("set1", "set2", "This work")
INFO [2025-12-16 17:13:15] 
INFO [2025-12-16 17:13:15] $filename
INFO [2025-12-16 17:13:15] paste(results_dir, "GATC_venn_3_figure_8C.tiff", sep = "/")
INFO [2025-12-16 17:13:15] 
INFO [2025-12-16 17:13:15] $output
INFO [2025-12-16 17:13:15] [1] TRUE
INFO [2025-12-16 17:13:15] 
INFO [2025-12-16 17:13:15] $imagetype
INFO [2025-12-16 17:13:15] [1] "tiff"
INFO [2025-12-16 17:13:15] 
INFO [2025-12-16 17:13:15] $height
INFO [2025-12-16 17:13:15] [1] 78
INFO [2025-12-16 17:13:15] 
INFO [2025-12-16 17:13:15] $width
INFO [2025-12-16 17:13:15] [1] 89
INFO [2025-12-16 17:13:15] 
INFO [2025-12-16 17:13:15] $units
INFO [2025-12-16 17:13:15] c("mm")
INFO [2025-12-16 17:13:15] 
INFO [2025-12-16 17:13:15] $resolution
INFO [2025-12-16 17:13:15] [1] 300
INFO [2025-12-16 17:13:15] 
INFO [2025-12-16 17:13:15] $compression
INFO [2025-12-16 17:13:15] [1] "lzw"
INFO [2025-12-16 17:13:15] 
INFO [2025-12-16 17:13:15] $lwd
INFO [2025-12-16 17:13:15] [1] 1
INFO [2025-12-16 17:13:15] 
INFO [2025-12-16 17:13:15] $col
INFO [2025-12-16 17:13:15] c("#2CA02CFF", "#7F7F7FFF", "#FF9896FF")
INFO [2025-12-16 17:13:15] 
INFO [2025-12-16 17:13:15] $fill
INFO [2025-12-16 17:13:15] c(alpha("#2CA02CFF", 0.5), alpha("#7F7F7FFF", 0.5), alpha("#FF9896FF", 
INFO [2025-12-16 17:13:15]     0.5))
INFO [2025-12-16 17:13:15] 
INFO [2025-12-16 17:13:15] $cex
INFO [2025-12-16 17:13:15] [1] 1
INFO [2025-12-16 17:13:15] 
INFO [2025-12-16 17:13:15] $fontfamily
INFO [2025-12-16 17:13:15] [1] "Arial"
INFO [2025-12-16 17:13:15] 
INFO [2025-12-16 17:13:15] $cat.cex
INFO [2025-12-16 17:13:15] [1] 1
INFO [2025-12-16 17:13:15] 
INFO [2025-12-16 17:13:15] $cat.default.pos
INFO [2025-12-16 17:13:15] [1] "outer"
INFO [2025-12-16 17:13:15] 
INFO [2025-12-16 17:13:15] $cat.pos
INFO [2025-12-16 17:13:15] c(-27, 27, 135)
INFO [2025-12-16 17:13:15] 
INFO [2025-12-16 17:13:15] $cat.dist
INFO [2025-12-16 17:13:15] c(0.055, 0.055, 0.085)
INFO [2025-12-16 17:13:15] 
INFO [2025-12-16 17:13:15] $cat.fontfamily
INFO [2025-12-16 17:13:15] [1] "Arial"
INFO [2025-12-16 17:13:15] 
INFO [2025-12-16 17:13:15] $rotation
INFO [2025-12-16 17:13:15] [1] 1
INFO [2025-12-16 17:13:15] 
