INFO [2025-12-17 13:43:44] $x
INFO [2025-12-17 13:43:44] venn_list
INFO [2025-12-17 13:43:44] 
INFO [2025-12-17 13:43:44] $category.names
INFO [2025-12-17 13:43:44] c("set1", "set2", "This work")
INFO [2025-12-17 13:43:44] 
INFO [2025-12-17 13:43:44] $filename
INFO [2025-12-17 13:43:44] paste(results_dir, "GATC_venn_3_figure_8C.tiff", sep = "/")
INFO [2025-12-17 13:43:44] 
INFO [2025-12-17 13:43:44] $output
INFO [2025-12-17 13:43:44] [1] TRUE
INFO [2025-12-17 13:43:44] 
INFO [2025-12-17 13:43:44] $imagetype
INFO [2025-12-17 13:43:44] [1] "tiff"
INFO [2025-12-17 13:43:44] 
INFO [2025-12-17 13:43:44] $height
INFO [2025-12-17 13:43:44] [1] 78
INFO [2025-12-17 13:43:44] 
INFO [2025-12-17 13:43:44] $width
INFO [2025-12-17 13:43:44] [1] 89
INFO [2025-12-17 13:43:44] 
INFO [2025-12-17 13:43:44] $units
INFO [2025-12-17 13:43:44] c("mm")
INFO [2025-12-17 13:43:44] 
INFO [2025-12-17 13:43:44] $resolution
INFO [2025-12-17 13:43:44] [1] 300
INFO [2025-12-17 13:43:44] 
INFO [2025-12-17 13:43:44] $compression
INFO [2025-12-17 13:43:44] [1] "lzw"
INFO [2025-12-17 13:43:44] 
INFO [2025-12-17 13:43:44] $lwd
INFO [2025-12-17 13:43:44] [1] 1
INFO [2025-12-17 13:43:44] 
INFO [2025-12-17 13:43:44] $col
INFO [2025-12-17 13:43:44] c("#2CA02CFF", "#7F7F7FFF", "#FF9896FF")
INFO [2025-12-17 13:43:44] 
INFO [2025-12-17 13:43:44] $fill
INFO [2025-12-17 13:43:44] c(alpha("#2CA02CFF", 0.5), alpha("#7F7F7FFF", 0.5), alpha("#FF9896FF", 
INFO [2025-12-17 13:43:44]     0.5))
INFO [2025-12-17 13:43:44] 
INFO [2025-12-17 13:43:44] $cex
INFO [2025-12-17 13:43:44] [1] 1
INFO [2025-12-17 13:43:44] 
INFO [2025-12-17 13:43:44] $fontfamily
INFO [2025-12-17 13:43:44] [1] "Arial"
INFO [2025-12-17 13:43:44] 
INFO [2025-12-17 13:43:44] $cat.cex
INFO [2025-12-17 13:43:44] [1] 1
INFO [2025-12-17 13:43:44] 
INFO [2025-12-17 13:43:44] $cat.default.pos
INFO [2025-12-17 13:43:44] [1] "outer"
INFO [2025-12-17 13:43:44] 
INFO [2025-12-17 13:43:44] $cat.pos
INFO [2025-12-17 13:43:44] c(-27, 27, 135)
INFO [2025-12-17 13:43:44] 
INFO [2025-12-17 13:43:44] $cat.dist
INFO [2025-12-17 13:43:44] c(0.055, 0.055, 0.085)
INFO [2025-12-17 13:43:44] 
INFO [2025-12-17 13:43:44] $cat.fontfamily
INFO [2025-12-17 13:43:44] [1] "Arial"
INFO [2025-12-17 13:43:44] 
INFO [2025-12-17 13:43:44] $rotation
INFO [2025-12-17 13:43:44] [1] 1
INFO [2025-12-17 13:43:44] 
