INFO [2025-12-17 13:54:54] $x
INFO [2025-12-17 13:54:54] venn_list
INFO [2025-12-17 13:54:54] 
INFO [2025-12-17 13:54:54] $category.names
INFO [2025-12-17 13:54:54] c("set1", "set2", "This work")
INFO [2025-12-17 13:54:54] 
INFO [2025-12-17 13:54:54] $filename
INFO [2025-12-17 13:54:54] paste(results_dir, "GATC_venn_3_figure_8C.tiff", sep = "/")
INFO [2025-12-17 13:54:54] 
INFO [2025-12-17 13:54:54] $output
INFO [2025-12-17 13:54:54] [1] TRUE
INFO [2025-12-17 13:54:54] 
INFO [2025-12-17 13:54:54] $imagetype
INFO [2025-12-17 13:54:54] [1] "tiff"
INFO [2025-12-17 13:54:54] 
INFO [2025-12-17 13:54:54] $height
INFO [2025-12-17 13:54:54] [1] 78
INFO [2025-12-17 13:54:54] 
INFO [2025-12-17 13:54:54] $width
INFO [2025-12-17 13:54:54] [1] 89
INFO [2025-12-17 13:54:54] 
INFO [2025-12-17 13:54:54] $units
INFO [2025-12-17 13:54:54] c("mm")
INFO [2025-12-17 13:54:54] 
INFO [2025-12-17 13:54:54] $resolution
INFO [2025-12-17 13:54:54] [1] 300
INFO [2025-12-17 13:54:54] 
INFO [2025-12-17 13:54:54] $compression
INFO [2025-12-17 13:54:54] [1] "lzw"
INFO [2025-12-17 13:54:54] 
INFO [2025-12-17 13:54:54] $lwd
INFO [2025-12-17 13:54:54] [1] 1
INFO [2025-12-17 13:54:54] 
INFO [2025-12-17 13:54:54] $col
INFO [2025-12-17 13:54:54] c("#2CA02CFF", "#7F7F7FFF", "#FF9896FF")
INFO [2025-12-17 13:54:54] 
INFO [2025-12-17 13:54:54] $fill
INFO [2025-12-17 13:54:54] c(alpha("#2CA02CFF", 0.5), alpha("#7F7F7FFF", 0.5), alpha("#FF9896FF", 
INFO [2025-12-17 13:54:54]     0.5))
INFO [2025-12-17 13:54:54] 
INFO [2025-12-17 13:54:54] $cex
INFO [2025-12-17 13:54:54] [1] 1
INFO [2025-12-17 13:54:54] 
INFO [2025-12-17 13:54:54] $fontfamily
INFO [2025-12-17 13:54:54] [1] "Arial"
INFO [2025-12-17 13:54:54] 
INFO [2025-12-17 13:54:54] $cat.cex
INFO [2025-12-17 13:54:54] [1] 1
INFO [2025-12-17 13:54:54] 
INFO [2025-12-17 13:54:54] $cat.default.pos
INFO [2025-12-17 13:54:54] [1] "outer"
INFO [2025-12-17 13:54:54] 
INFO [2025-12-17 13:54:54] $cat.pos
INFO [2025-12-17 13:54:54] c(-27, 27, 135)
INFO [2025-12-17 13:54:54] 
INFO [2025-12-17 13:54:54] $cat.dist
INFO [2025-12-17 13:54:54] c(0.055, 0.055, 0.085)
INFO [2025-12-17 13:54:54] 
INFO [2025-12-17 13:54:54] $cat.fontfamily
INFO [2025-12-17 13:54:54] [1] "Arial"
INFO [2025-12-17 13:54:54] 
INFO [2025-12-17 13:54:54] $rotation
INFO [2025-12-17 13:54:54] [1] 1
INFO [2025-12-17 13:54:54] 
