INFO [2025-12-17 13:58:39] $x
INFO [2025-12-17 13:58:39] venn_list
INFO [2025-12-17 13:58:39] 
INFO [2025-12-17 13:58:39] $category.names
INFO [2025-12-17 13:58:39] c("set1", "set2", "This work")
INFO [2025-12-17 13:58:39] 
INFO [2025-12-17 13:58:39] $filename
INFO [2025-12-17 13:58:39] paste(results_dir, "GATC_venn_3_figure_8C.tiff", sep = "/")
INFO [2025-12-17 13:58:39] 
INFO [2025-12-17 13:58:39] $output
INFO [2025-12-17 13:58:39] [1] TRUE
INFO [2025-12-17 13:58:39] 
INFO [2025-12-17 13:58:39] $imagetype
INFO [2025-12-17 13:58:39] [1] "tiff"
INFO [2025-12-17 13:58:39] 
INFO [2025-12-17 13:58:39] $height
INFO [2025-12-17 13:58:39] [1] 78
INFO [2025-12-17 13:58:39] 
INFO [2025-12-17 13:58:39] $width
INFO [2025-12-17 13:58:39] [1] 89
INFO [2025-12-17 13:58:39] 
INFO [2025-12-17 13:58:39] $units
INFO [2025-12-17 13:58:39] c("mm")
INFO [2025-12-17 13:58:39] 
INFO [2025-12-17 13:58:39] $resolution
INFO [2025-12-17 13:58:39] [1] 300
INFO [2025-12-17 13:58:39] 
INFO [2025-12-17 13:58:39] $compression
INFO [2025-12-17 13:58:39] [1] "lzw"
INFO [2025-12-17 13:58:39] 
INFO [2025-12-17 13:58:39] $lwd
INFO [2025-12-17 13:58:39] [1] 1
INFO [2025-12-17 13:58:39] 
INFO [2025-12-17 13:58:39] $col
INFO [2025-12-17 13:58:39] c("#2CA02CFF", "#7F7F7FFF", "#FF9896FF")
INFO [2025-12-17 13:58:39] 
INFO [2025-12-17 13:58:39] $fill
INFO [2025-12-17 13:58:39] c(alpha("#2CA02CFF", 0.5), alpha("#7F7F7FFF", 0.5), alpha("#FF9896FF", 
INFO [2025-12-17 13:58:39]     0.5))
INFO [2025-12-17 13:58:39] 
INFO [2025-12-17 13:58:39] $cex
INFO [2025-12-17 13:58:39] [1] 1
INFO [2025-12-17 13:58:39] 
INFO [2025-12-17 13:58:39] $fontfamily
INFO [2025-12-17 13:58:39] [1] "Arial"
INFO [2025-12-17 13:58:39] 
INFO [2025-12-17 13:58:39] $cat.cex
INFO [2025-12-17 13:58:39] [1] 1
INFO [2025-12-17 13:58:39] 
INFO [2025-12-17 13:58:39] $cat.default.pos
INFO [2025-12-17 13:58:39] [1] "outer"
INFO [2025-12-17 13:58:39] 
INFO [2025-12-17 13:58:39] $cat.pos
INFO [2025-12-17 13:58:39] c(-27, 27, 135)
INFO [2025-12-17 13:58:39] 
INFO [2025-12-17 13:58:39] $cat.dist
INFO [2025-12-17 13:58:39] c(0.055, 0.055, 0.085)
INFO [2025-12-17 13:58:39] 
INFO [2025-12-17 13:58:39] $cat.fontfamily
INFO [2025-12-17 13:58:39] [1] "Arial"
INFO [2025-12-17 13:58:39] 
INFO [2025-12-17 13:58:39] $rotation
INFO [2025-12-17 13:58:39] [1] 1
INFO [2025-12-17 13:58:39] 
