INFO [2025-12-16 17:48:51] $x
INFO [2025-12-16 17:48:51] venn_list
INFO [2025-12-16 17:48:51] 
INFO [2025-12-16 17:48:51] $category.names
INFO [2025-12-16 17:48:51] c("set1", "set2", "This work")
INFO [2025-12-16 17:48:51] 
INFO [2025-12-16 17:48:51] $filename
INFO [2025-12-16 17:48:51] paste(results_dir, "GATC_venn_3_figure_8C.tiff", sep = "/")
INFO [2025-12-16 17:48:51] 
INFO [2025-12-16 17:48:51] $output
INFO [2025-12-16 17:48:51] [1] TRUE
INFO [2025-12-16 17:48:51] 
INFO [2025-12-16 17:48:51] $imagetype
INFO [2025-12-16 17:48:51] [1] "tiff"
INFO [2025-12-16 17:48:51] 
INFO [2025-12-16 17:48:51] $height
INFO [2025-12-16 17:48:51] [1] 78
INFO [2025-12-16 17:48:51] 
INFO [2025-12-16 17:48:51] $width
INFO [2025-12-16 17:48:51] [1] 89
INFO [2025-12-16 17:48:51] 
INFO [2025-12-16 17:48:51] $units
INFO [2025-12-16 17:48:51] c("mm")
INFO [2025-12-16 17:48:51] 
INFO [2025-12-16 17:48:51] $resolution
INFO [2025-12-16 17:48:51] [1] 300
INFO [2025-12-16 17:48:51] 
INFO [2025-12-16 17:48:51] $compression
INFO [2025-12-16 17:48:51] [1] "lzw"
INFO [2025-12-16 17:48:51] 
INFO [2025-12-16 17:48:51] $lwd
INFO [2025-12-16 17:48:51] [1] 1
INFO [2025-12-16 17:48:51] 
INFO [2025-12-16 17:48:51] $col
INFO [2025-12-16 17:48:51] c("#2CA02CFF", "#7F7F7FFF", "#FF9896FF")
INFO [2025-12-16 17:48:51] 
INFO [2025-12-16 17:48:51] $fill
INFO [2025-12-16 17:48:51] c(alpha("#2CA02CFF", 0.5), alpha("#7F7F7FFF", 0.5), alpha("#FF9896FF", 
INFO [2025-12-16 17:48:51]     0.5))
INFO [2025-12-16 17:48:51] 
INFO [2025-12-16 17:48:51] $cex
INFO [2025-12-16 17:48:51] [1] 1
INFO [2025-12-16 17:48:51] 
INFO [2025-12-16 17:48:51] $fontfamily
INFO [2025-12-16 17:48:51] [1] "Arial"
INFO [2025-12-16 17:48:51] 
INFO [2025-12-16 17:48:51] $cat.cex
INFO [2025-12-16 17:48:51] [1] 1
INFO [2025-12-16 17:48:51] 
INFO [2025-12-16 17:48:51] $cat.default.pos
INFO [2025-12-16 17:48:51] [1] "outer"
INFO [2025-12-16 17:48:51] 
INFO [2025-12-16 17:48:51] $cat.pos
INFO [2025-12-16 17:48:51] c(-27, 27, 135)
INFO [2025-12-16 17:48:51] 
INFO [2025-12-16 17:48:51] $cat.dist
INFO [2025-12-16 17:48:51] c(0.055, 0.055, 0.085)
INFO [2025-12-16 17:48:51] 
INFO [2025-12-16 17:48:51] $cat.fontfamily
INFO [2025-12-16 17:48:51] [1] "Arial"
INFO [2025-12-16 17:48:51] 
INFO [2025-12-16 17:48:51] $rotation
INFO [2025-12-16 17:48:51] [1] 1
INFO [2025-12-16 17:48:51] 
