INFO [2025-12-17 13:49:24] $x
INFO [2025-12-17 13:49:24] venn_list
INFO [2025-12-17 13:49:24] 
INFO [2025-12-17 13:49:24] $category.names
INFO [2025-12-17 13:49:24] c("set1", "set2", "This work")
INFO [2025-12-17 13:49:24] 
INFO [2025-12-17 13:49:24] $filename
INFO [2025-12-17 13:49:24] paste(results_dir, "GATC_venn_3_figure_8C.tiff", sep = "/")
INFO [2025-12-17 13:49:24] 
INFO [2025-12-17 13:49:24] $output
INFO [2025-12-17 13:49:24] [1] TRUE
INFO [2025-12-17 13:49:24] 
INFO [2025-12-17 13:49:24] $imagetype
INFO [2025-12-17 13:49:24] [1] "tiff"
INFO [2025-12-17 13:49:24] 
INFO [2025-12-17 13:49:24] $height
INFO [2025-12-17 13:49:24] [1] 78
INFO [2025-12-17 13:49:24] 
INFO [2025-12-17 13:49:24] $width
INFO [2025-12-17 13:49:24] [1] 89
INFO [2025-12-17 13:49:24] 
INFO [2025-12-17 13:49:24] $units
INFO [2025-12-17 13:49:24] c("mm")
INFO [2025-12-17 13:49:24] 
INFO [2025-12-17 13:49:24] $resolution
INFO [2025-12-17 13:49:24] [1] 300
INFO [2025-12-17 13:49:24] 
INFO [2025-12-17 13:49:24] $compression
INFO [2025-12-17 13:49:24] [1] "lzw"
INFO [2025-12-17 13:49:24] 
INFO [2025-12-17 13:49:24] $lwd
INFO [2025-12-17 13:49:24] [1] 1
INFO [2025-12-17 13:49:24] 
INFO [2025-12-17 13:49:24] $col
INFO [2025-12-17 13:49:24] c("#2CA02CFF", "#7F7F7FFF", "#FF9896FF")
INFO [2025-12-17 13:49:24] 
INFO [2025-12-17 13:49:24] $fill
INFO [2025-12-17 13:49:24] c(alpha("#2CA02CFF", 0.5), alpha("#7F7F7FFF", 0.5), alpha("#FF9896FF", 
INFO [2025-12-17 13:49:24]     0.5))
INFO [2025-12-17 13:49:24] 
INFO [2025-12-17 13:49:24] $cex
INFO [2025-12-17 13:49:24] [1] 1
INFO [2025-12-17 13:49:24] 
INFO [2025-12-17 13:49:24] $fontfamily
INFO [2025-12-17 13:49:24] [1] "Arial"
INFO [2025-12-17 13:49:24] 
INFO [2025-12-17 13:49:24] $cat.cex
INFO [2025-12-17 13:49:24] [1] 1
INFO [2025-12-17 13:49:24] 
INFO [2025-12-17 13:49:24] $cat.default.pos
INFO [2025-12-17 13:49:24] [1] "outer"
INFO [2025-12-17 13:49:24] 
INFO [2025-12-17 13:49:24] $cat.pos
INFO [2025-12-17 13:49:24] c(-27, 27, 135)
INFO [2025-12-17 13:49:24] 
INFO [2025-12-17 13:49:24] $cat.dist
INFO [2025-12-17 13:49:24] c(0.055, 0.055, 0.085)
INFO [2025-12-17 13:49:24] 
INFO [2025-12-17 13:49:24] $cat.fontfamily
INFO [2025-12-17 13:49:24] [1] "Arial"
INFO [2025-12-17 13:49:24] 
INFO [2025-12-17 13:49:24] $rotation
INFO [2025-12-17 13:49:24] [1] 1
INFO [2025-12-17 13:49:24] 
