INFO [2025-12-17 14:06:33] $x
INFO [2025-12-17 14:06:33] venn_list
INFO [2025-12-17 14:06:33] 
INFO [2025-12-17 14:06:33] $category.names
INFO [2025-12-17 14:06:33] c("set1", "set2", "This work")
INFO [2025-12-17 14:06:33] 
INFO [2025-12-17 14:06:33] $filename
INFO [2025-12-17 14:06:33] paste(results_dir, "GATC_venn_3_figure_8C.tiff", sep = "/")
INFO [2025-12-17 14:06:33] 
INFO [2025-12-17 14:06:33] $output
INFO [2025-12-17 14:06:33] [1] TRUE
INFO [2025-12-17 14:06:33] 
INFO [2025-12-17 14:06:33] $imagetype
INFO [2025-12-17 14:06:33] [1] "tiff"
INFO [2025-12-17 14:06:33] 
INFO [2025-12-17 14:06:33] $height
INFO [2025-12-17 14:06:33] [1] 78
INFO [2025-12-17 14:06:33] 
INFO [2025-12-17 14:06:33] $width
INFO [2025-12-17 14:06:33] [1] 89
INFO [2025-12-17 14:06:33] 
INFO [2025-12-17 14:06:33] $units
INFO [2025-12-17 14:06:33] c("mm")
INFO [2025-12-17 14:06:33] 
INFO [2025-12-17 14:06:33] $resolution
INFO [2025-12-17 14:06:33] [1] 300
INFO [2025-12-17 14:06:33] 
INFO [2025-12-17 14:06:33] $compression
INFO [2025-12-17 14:06:33] [1] "lzw"
INFO [2025-12-17 14:06:33] 
INFO [2025-12-17 14:06:33] $lwd
INFO [2025-12-17 14:06:33] [1] 1
INFO [2025-12-17 14:06:33] 
INFO [2025-12-17 14:06:33] $col
INFO [2025-12-17 14:06:33] c("#2CA02CFF", "#7F7F7FFF", "#FF9896FF")
INFO [2025-12-17 14:06:33] 
INFO [2025-12-17 14:06:33] $fill
INFO [2025-12-17 14:06:33] c(alpha("#2CA02CFF", 0.5), alpha("#7F7F7FFF", 0.5), alpha("#FF9896FF", 
INFO [2025-12-17 14:06:33]     0.5))
INFO [2025-12-17 14:06:33] 
INFO [2025-12-17 14:06:33] $cex
INFO [2025-12-17 14:06:33] [1] 1
INFO [2025-12-17 14:06:33] 
INFO [2025-12-17 14:06:33] $fontfamily
INFO [2025-12-17 14:06:33] [1] "Arial"
INFO [2025-12-17 14:06:33] 
INFO [2025-12-17 14:06:33] $cat.cex
INFO [2025-12-17 14:06:33] [1] 1
INFO [2025-12-17 14:06:33] 
INFO [2025-12-17 14:06:33] $cat.default.pos
INFO [2025-12-17 14:06:33] [1] "outer"
INFO [2025-12-17 14:06:33] 
INFO [2025-12-17 14:06:33] $cat.pos
INFO [2025-12-17 14:06:33] c(-27, 27, 135)
INFO [2025-12-17 14:06:33] 
INFO [2025-12-17 14:06:33] $cat.dist
INFO [2025-12-17 14:06:33] c(0.055, 0.055, 0.085)
INFO [2025-12-17 14:06:33] 
INFO [2025-12-17 14:06:33] $cat.fontfamily
INFO [2025-12-17 14:06:33] [1] "Arial"
INFO [2025-12-17 14:06:33] 
INFO [2025-12-17 14:06:33] $rotation
INFO [2025-12-17 14:06:33] [1] 1
INFO [2025-12-17 14:06:33] 
