INFO [2025-12-17 14:01:02] $x
INFO [2025-12-17 14:01:02] venn_list
INFO [2025-12-17 14:01:02] 
INFO [2025-12-17 14:01:02] $category.names
INFO [2025-12-17 14:01:02] c("set1", "set2", "This work")
INFO [2025-12-17 14:01:02] 
INFO [2025-12-17 14:01:02] $filename
INFO [2025-12-17 14:01:02] paste(results_dir, "GATC_venn_3_figure_8C.tiff", sep = "/")
INFO [2025-12-17 14:01:02] 
INFO [2025-12-17 14:01:02] $output
INFO [2025-12-17 14:01:02] [1] TRUE
INFO [2025-12-17 14:01:02] 
INFO [2025-12-17 14:01:02] $imagetype
INFO [2025-12-17 14:01:02] [1] "tiff"
INFO [2025-12-17 14:01:02] 
INFO [2025-12-17 14:01:02] $height
INFO [2025-12-17 14:01:02] [1] 78
INFO [2025-12-17 14:01:02] 
INFO [2025-12-17 14:01:02] $width
INFO [2025-12-17 14:01:02] [1] 89
INFO [2025-12-17 14:01:02] 
INFO [2025-12-17 14:01:02] $units
INFO [2025-12-17 14:01:02] c("mm")
INFO [2025-12-17 14:01:02] 
INFO [2025-12-17 14:01:02] $resolution
INFO [2025-12-17 14:01:02] [1] 300
INFO [2025-12-17 14:01:02] 
INFO [2025-12-17 14:01:02] $compression
INFO [2025-12-17 14:01:02] [1] "lzw"
INFO [2025-12-17 14:01:02] 
INFO [2025-12-17 14:01:02] $lwd
INFO [2025-12-17 14:01:02] [1] 1
INFO [2025-12-17 14:01:02] 
INFO [2025-12-17 14:01:02] $col
INFO [2025-12-17 14:01:02] c("#2CA02CFF", "#7F7F7FFF", "#FF9896FF")
INFO [2025-12-17 14:01:02] 
INFO [2025-12-17 14:01:02] $fill
INFO [2025-12-17 14:01:02] c(alpha("#2CA02CFF", 0.5), alpha("#7F7F7FFF", 0.5), alpha("#FF9896FF", 
INFO [2025-12-17 14:01:02]     0.5))
INFO [2025-12-17 14:01:02] 
INFO [2025-12-17 14:01:02] $cex
INFO [2025-12-17 14:01:02] [1] 1
INFO [2025-12-17 14:01:02] 
INFO [2025-12-17 14:01:02] $fontfamily
INFO [2025-12-17 14:01:02] [1] "Arial"
INFO [2025-12-17 14:01:02] 
INFO [2025-12-17 14:01:02] $cat.cex
INFO [2025-12-17 14:01:02] [1] 1
INFO [2025-12-17 14:01:02] 
INFO [2025-12-17 14:01:02] $cat.default.pos
INFO [2025-12-17 14:01:02] [1] "outer"
INFO [2025-12-17 14:01:02] 
INFO [2025-12-17 14:01:02] $cat.pos
INFO [2025-12-17 14:01:02] c(-27, 27, 135)
INFO [2025-12-17 14:01:02] 
INFO [2025-12-17 14:01:02] $cat.dist
INFO [2025-12-17 14:01:02] c(0.055, 0.055, 0.085)
INFO [2025-12-17 14:01:02] 
INFO [2025-12-17 14:01:02] $cat.fontfamily
INFO [2025-12-17 14:01:02] [1] "Arial"
INFO [2025-12-17 14:01:02] 
INFO [2025-12-17 14:01:02] $rotation
INFO [2025-12-17 14:01:02] [1] 1
INFO [2025-12-17 14:01:02] 
