INFO [2025-12-17 13:46:50] $x
INFO [2025-12-17 13:46:50] venn_list
INFO [2025-12-17 13:46:50] 
INFO [2025-12-17 13:46:50] $category.names
INFO [2025-12-17 13:46:50] c("set1", "set2", "This work")
INFO [2025-12-17 13:46:50] 
INFO [2025-12-17 13:46:50] $filename
INFO [2025-12-17 13:46:50] paste(results_dir, "GATC_venn_3_figure_8C.tiff", sep = "/")
INFO [2025-12-17 13:46:50] 
INFO [2025-12-17 13:46:50] $output
INFO [2025-12-17 13:46:50] [1] TRUE
INFO [2025-12-17 13:46:50] 
INFO [2025-12-17 13:46:50] $imagetype
INFO [2025-12-17 13:46:50] [1] "tiff"
INFO [2025-12-17 13:46:50] 
INFO [2025-12-17 13:46:50] $height
INFO [2025-12-17 13:46:50] [1] 78
INFO [2025-12-17 13:46:50] 
INFO [2025-12-17 13:46:50] $width
INFO [2025-12-17 13:46:50] [1] 89
INFO [2025-12-17 13:46:50] 
INFO [2025-12-17 13:46:50] $units
INFO [2025-12-17 13:46:50] c("mm")
INFO [2025-12-17 13:46:50] 
INFO [2025-12-17 13:46:50] $resolution
INFO [2025-12-17 13:46:50] [1] 300
INFO [2025-12-17 13:46:50] 
INFO [2025-12-17 13:46:50] $compression
INFO [2025-12-17 13:46:50] [1] "lzw"
INFO [2025-12-17 13:46:50] 
INFO [2025-12-17 13:46:50] $lwd
INFO [2025-12-17 13:46:50] [1] 1
INFO [2025-12-17 13:46:50] 
INFO [2025-12-17 13:46:50] $col
INFO [2025-12-17 13:46:50] c("#2CA02CFF", "#7F7F7FFF", "#FF9896FF")
INFO [2025-12-17 13:46:50] 
INFO [2025-12-17 13:46:50] $fill
INFO [2025-12-17 13:46:50] c(alpha("#2CA02CFF", 0.5), alpha("#7F7F7FFF", 0.5), alpha("#FF9896FF", 
INFO [2025-12-17 13:46:50]     0.5))
INFO [2025-12-17 13:46:50] 
INFO [2025-12-17 13:46:50] $cex
INFO [2025-12-17 13:46:50] [1] 1
INFO [2025-12-17 13:46:50] 
INFO [2025-12-17 13:46:50] $fontfamily
INFO [2025-12-17 13:46:50] [1] "Arial"
INFO [2025-12-17 13:46:50] 
INFO [2025-12-17 13:46:50] $cat.cex
INFO [2025-12-17 13:46:50] [1] 1
INFO [2025-12-17 13:46:50] 
INFO [2025-12-17 13:46:50] $cat.default.pos
INFO [2025-12-17 13:46:50] [1] "outer"
INFO [2025-12-17 13:46:50] 
INFO [2025-12-17 13:46:50] $cat.pos
INFO [2025-12-17 13:46:50] c(-27, 27, 135)
INFO [2025-12-17 13:46:50] 
INFO [2025-12-17 13:46:50] $cat.dist
INFO [2025-12-17 13:46:50] c(0.055, 0.055, 0.085)
INFO [2025-12-17 13:46:50] 
INFO [2025-12-17 13:46:50] $cat.fontfamily
INFO [2025-12-17 13:46:50] [1] "Arial"
INFO [2025-12-17 13:46:50] 
INFO [2025-12-17 13:46:50] $rotation
INFO [2025-12-17 13:46:50] [1] 1
INFO [2025-12-17 13:46:50] 
